<?xml version="1.0" encoding="UTF-8"?>
<!-- Generated by org.testng.reporters.JUnitReportReporter -->
<testsuite hostname="Surajit" failures="0" tests="1" name="MyTest.Calenderui" time="2.797" errors="0" timestamp="2023-12-08T22:54:08 IST" skipped="0">
  <testcase classname="MyTest.Calenderui" name="Test" time="2.797"/>
  <system-out/>
</testsuite> <!-- MyTest.Calenderui -->
