<?xml version="1.0" encoding="UTF-8"?>
<!-- Generated by org.testng.reporters.JUnitReportReporter -->
<testsuite hostname="Surajit" failures="0" tests="1" name="MyTest.Apple" time="11.445" errors="0" timestamp="2023-12-27T10:26:08 IST" skipped="0">
  <testcase classname="MyTest.Apple" name="appleFooter" time="11.445"/>
  <system-out/>
</testsuite> <!-- MyTest.Apple -->
