<?xml version="1.0" encoding="UTF-8"?>
<!-- Generated by org.testng.reporters.JUnitReportReporter -->
<testsuite hostname="Surajit" failures="0" tests="1" name="MyTest.Actiondemo" time="0.381" errors="0" timestamp="2023-12-18T11:10:26 IST" skipped="0">
  <testcase classname="MyTest.Actiondemo" name="mousedemo" time="0.381"/>
  <system-out/>
</testsuite> <!-- MyTest.Actiondemo -->
