<?xml version="1.0" encoding="UTF-8"?>
<!-- Generated by org.testng.reporters.JUnitReportReporter -->
<testsuite hostname="Surajit" failures="0" tests="1" name="MyTest.frame" time="4.993" errors="0" timestamp="2023-05-17T08:46:27 IST" skipped="0">
  <testcase classname="MyTest.frame" name="drop" time="4.993"/>
  <system-out/>
</testsuite> <!-- MyTest.frame -->
