<?xml version="1.0" encoding="UTF-8"?>
<!-- Generated by org.testng.reporters.JUnitReportReporter -->
<testsuite hostname="Surajit" failures="0" tests="1" name="MyTest.SSLcheck" time="2.599" errors="0" timestamp="2023-07-21T09:09:31 IST" skipped="0">
  <testcase classname="MyTest.SSLcheck" name="Title" time="2.599"/>
  <system-out/>
</testsuite> <!-- MyTest.SSLcheck -->
