<?xml version="1.0" encoding="UTF-8"?>
<!-- Generated by org.testng.reporters.JUnitReportReporter -->
<testsuite hostname="Surajit" failures="0" tests="1" name="MyTest.ElementDisableEnable" time="9.008" errors="0" timestamp="2023-06-15T08:50:09 IST" skipped="0">
  <testcase classname="MyTest.ElementDisableEnable" name="elementState" time="9.008"/>
  <system-out/>
</testsuite> <!-- MyTest.ElementDisableEnable -->
