<?xml version="1.0" encoding="UTF-8"?>
<!-- Generated by org.testng.reporters.JUnitReportReporter -->
<testsuite hostname="Surajit" failures="0" tests="1" name="MyTest.Windowhandle" time="1.636" errors="0" timestamp="2023-12-18T11:39:40 IST" skipped="0">
  <testcase classname="MyTest.Windowhandle" name="windowhandle" time="1.636"/>
  <system-out/>
</testsuite> <!-- MyTest.Windowhandle -->
