<?xml version="1.0" encoding="UTF-8"?>
<!-- Generated by org.testng.reporters.JUnitReportReporter -->
<testsuite hostname="Surajit" failures="0" tests="3" name="MyTest.Scopedriver" time="9.141" errors="0" timestamp="2023-12-20T14:45:05 IST" skipped="0">
  <testcase classname="MyTest.Scopedriver" name="Driverscope" time="0.476"/>
  <system-out/>
  <testcase classname="MyTest.Scopedriver" name="OpenlinkTab" time="8.126"/>
  <system-out/>
  <testcase classname="MyTest.Scopedriver" name="Linkbroken" time="0.539"/>
  <system-out/>
</testsuite> <!-- MyTest.Scopedriver -->
