<?xml version="1.0" encoding="UTF-8"?>
<!-- Generated by org.testng.reporters.JUnitReportReporter -->
<testsuite hostname="Surajit" failures="0" tests="1" name="MyTest.Example" time="4.399" errors="0" timestamp="2023-08-26T11:25:36 IST" skipped="0">
  <testcase classname="MyTest.Example" name="WindowTest" time="4.399"/>
  <system-out/>
</testsuite> <!-- MyTest.Example -->
