<?xml version="1.0" encoding="UTF-8"?>
<!-- Generated by org.testng.reporters.JUnitReportReporter -->
<testsuite hostname="Surajit" failures="0" tests="1" name="MyTest.Multiplewindow" time="8.474" errors="0" timestamp="2023-05-19T15:01:06 IST" skipped="0">
  <testcase classname="MyTest.Multiplewindow" name="linkTest" time="8.474"/>
  <system-out/>
</testsuite> <!-- MyTest.Multiplewindow -->
