<?xml version="1.0" encoding="UTF-8"?>
<!-- Generated by org.testng.reporters.JUnitReportReporter -->
<testsuite hostname="Surajit" failures="0" tests="1" name="MyTest.Greencart" time="0.637" errors="0" timestamp="2023-12-17T19:59:13 IST" skipped="0">
  <testcase classname="MyTest.Greencart" name="eCommerceValidation" time="0.637"/>
  <system-out/>
</testsuite> <!-- MyTest.Greencart -->
