<?xml version="1.0" encoding="UTF-8"?>
<!-- Generated by org.testng.reporters.JUnitReportReporter -->
<testsuite hostname="Surajit" failures="0" tests="1" name="MyTest.Linkshandel" time="41.622" errors="0" timestamp="2023-05-17T15:18:04 IST" skipped="0">
  <testcase classname="MyTest.Linkshandel" name="linkeys" time="41.622"/>
  <system-out/>
</testsuite> <!-- MyTest.Linkshandel -->
