<?xml version="1.0" encoding="UTF-8"?>
<!-- Generated by org.testng.reporters.JUnitReportReporter -->
<testsuite hostname="Surajit" failures="0" tests="2" name="MyTest.Dropdown" time="2.538" errors="0" timestamp="2023-11-26T22:11:57 IST" skipped="0">
  <testcase classname="MyTest.Dropdown" name="StaticDropdownTest" time="0.221"/>
  <system-out/>
  <testcase classname="MyTest.Dropdown" name="Dropdownincrement" time="2.317"/>
  <system-out/>
</testsuite> <!-- MyTest.Dropdown -->
