<?xml version="1.0" encoding="UTF-8"?>
<!-- Generated by org.testng.reporters.JUnitReportReporter -->
<testsuite hostname="Surajit" failures="0" tests="1" name="MyTest.Autosuggestivedropdown" time="2.249" errors="0" timestamp="2023-12-02T11:29:18 IST" skipped="0">
  <testcase classname="MyTest.Autosuggestivedropdown" name="StaticDropdownTest" time="2.249"/>
  <system-out/>
</testsuite> <!-- MyTest.Autosuggestivedropdown -->
