<?xml version="1.0" encoding="UTF-8"?>
<!-- Generated by org.testng.reporters.JUnitReportReporter -->
<testsuite hostname="Surajit" failures="0" tests="1" name="MyTest.SSLcheck" time="5.186" errors="0" timestamp="2023-12-20T14:36:18 IST" skipped="0">
  <testcase classname="MyTest.SSLcheck" name="Lunch" time="5.186"/>
  <system-out/>
</testsuite> <!-- MyTest.SSLcheck -->
